[debug] [2023-01-19T18:49:53.846Z] ----------------------------------------------------------------------
[debug] [2023-01-19T18:49:53.849Z] Command:       C:\Program Files\nodejs\node.exe C:\Users\39338\AppData\Roaming\npm\node_modules\firebase-tools\lib\bin\firebase.js init
[debug] [2023-01-19T18:49:53.850Z] CLI Version:   11.20.0
[debug] [2023-01-19T18:49:53.850Z] Platform:      win32
[debug] [2023-01-19T18:49:53.850Z] Node Version:  v16.16.0
[debug] [2023-01-19T18:49:53.851Z] Time:          Thu Jan 19 2023 19:49:53 GMT+0100 (Ora standard dell’Europa centrale)
[debug] [2023-01-19T18:49:53.852Z] ----------------------------------------------------------------------
[debug] 
[debug] [2023-01-19T18:49:53.857Z] >>> [apiv2][query] GET https://firebase-public.firebaseio.com/cli.json [none]
[debug] [2023-01-19T18:49:53.991Z] > command requires scopes: ["email","openid","https://www.googleapis.com/auth/cloudplatformprojects.readonly","https://www.googleapis.com/auth/firebase","https://www.googleapis.com/auth/cloud-platform"]
[debug] [2023-01-19T18:49:53.992Z] > authorizing via signed-in user (dario.dimaria@edu.itspiemonte.it)
[info] 
     ######## #### ########  ######## ########     ###     ######  ########
     ##        ##  ##     ## ##       ##     ##  ##   ##  ##       ##
     ######    ##  ########  ######   ########  #########  ######  ######
     ##        ##  ##    ##  ##       ##     ## ##     ##       ## ##
     ##       #### ##     ## ######## ########  ##     ##  ######  ########

You're about to initialize a Firebase project in this directory:

  C:\Users\39338\Desktop\Dario seconda annualità\ReactJS\Progetto Tvmaze\tv-maze-app

Before we get started, keep in mind:

  * You are initializing within an existing Firebase project directory

[debug] [2023-01-19T18:49:54.336Z] <<< [apiv2][status] GET https://firebase-public.firebaseio.com/cli.json 200
[debug] [2023-01-19T18:49:54.337Z] <<< [apiv2][body] GET https://firebase-public.firebaseio.com/cli.json {"cloudBuildErrorAfter":1594252800000,"cloudBuildWarnAfter":1590019200000,"defaultNode10After":1594252800000,"minVersion":"3.0.5","node8DeploysDisabledAfter":1613390400000,"node8RuntimeDisabledAfter":1615809600000,"node8WarnAfter":1600128000000}
[info] 
=== Project Setup
[info] 
[info] First, let's associate this project directory with a Firebase project.
[info] You can create multiple project aliases by running firebase use --add, 
[info] but for now we'll just set up a default project.
[info] 
[debug] [2023-01-19T18:50:12.436Z] Using project from CLI flag: tvmaze-app-b31da
[debug] [2023-01-19T18:50:12.437Z] > refreshing access token with scopes: []
[debug] [2023-01-19T18:50:12.439Z] >>> [apiv2][query] POST https://www.googleapis.com/oauth2/v3/token [none]
[debug] [2023-01-19T18:50:12.439Z] >>> [apiv2][body] POST https://www.googleapis.com/oauth2/v3/token [omitted]
[debug] [2023-01-19T18:50:12.547Z] <<< [apiv2][status] POST https://www.googleapis.com/oauth2/v3/token 200
[debug] [2023-01-19T18:50:12.547Z] <<< [apiv2][body] POST https://www.googleapis.com/oauth2/v3/token [omitted]
[debug] [2023-01-19T18:50:12.634Z] >>> [apiv2][query] GET https://firebase.googleapis.com/v1beta1/projects/tvmaze-app-b31da [none]
[debug] [2023-01-19T18:50:12.915Z] <<< [apiv2][status] GET https://firebase.googleapis.com/v1beta1/projects/tvmaze-app-b31da 403
[debug] [2023-01-19T18:50:12.915Z] <<< [apiv2][body] GET https://firebase.googleapis.com/v1beta1/projects/tvmaze-app-b31da {"error":{"code":403,"message":"The caller does not have permission","status":"PERMISSION_DENIED"}}
[debug] [2023-01-19T18:50:12.916Z] HTTP Error: 403, The caller does not have permission
[debug] [2023-01-19T18:50:12.983Z] FirebaseError: HTTP Error: 403, The caller does not have permission
    at responseToError (C:\Users\39338\AppData\Roaming\npm\node_modules\firebase-tools\lib\responseToError.js:49:12)
    at RetryOperation._fn (C:\Users\39338\AppData\Roaming\npm\node_modules\firebase-tools\lib\apiv2.js:288:77)
    at processTicksAndRejections (node:internal/process/task_queues:96:5)
[error] 
[error] Error: Failed to get Firebase project tvmaze-app-b31da. Please make sure the project exists and your account has permission to access it.
